Library/Bee/Android/Prj/Mono2x/Gradle/unityLibrary/build/intermediates/manifest_merge_blame_file/release/manifest-merger-blame-release-report.txt
1<?xml version="1.0" encoding="utf-8"?>
2<manifest xmlns:android="http://schemas.android.com/apk/res/android"
3    xmlns:tools="http://schemas.android.com/tools"
4    package="com.unity3d.player"
5    android:versionCode="1"
6    android:versionName="0.1" >
7
8    <uses-sdk
9        android:minSdkVersion="22"
9-->src\main\AndroidManifest.xml
10        android:targetSdkVersion="30" />
10-->src\main\AndroidManifest.xml
11
12    <uses-feature android:glEsVersion="0x00030000" />
12-->src\main\AndroidManifest.xml:16:3-52
12-->src\main\AndroidManifest.xml:16:17-49
13    <uses-feature
13-->src\main\AndroidManifest.xml:17:3-91
14        android:name="android.hardware.vulkan.version"
14-->src\main\AndroidManifest.xml:17:17-63
15        android:required="false" />
15-->src\main\AndroidManifest.xml:17:64-88
16
17    <uses-permission android:name="android.permission.INTERNET" />
17-->src\main\AndroidManifest.xml:18:3-65
17-->src\main\AndroidManifest.xml:18:20-62
18    <uses-permission android:name="android.permission.ACCESS_NETWORK_STATE" />
18-->src\main\AndroidManifest.xml:19:3-77
18-->src\main\AndroidManifest.xml:19:20-74
19
20    <uses-feature
20-->src\main\AndroidManifest.xml:20:3-88
21        android:name="android.hardware.touchscreen"
21-->src\main\AndroidManifest.xml:20:17-60
22        android:required="false" />
22-->src\main\AndroidManifest.xml:20:61-85
23    <uses-feature
23-->src\main\AndroidManifest.xml:21:3-99
24        android:name="android.hardware.touchscreen.multitouch"
24-->src\main\AndroidManifest.xml:21:17-71
25        android:required="false" />
25-->src\main\AndroidManifest.xml:21:72-96
26    <uses-feature
26-->src\main\AndroidManifest.xml:22:3-108
27        android:name="android.hardware.touchscreen.multitouch.distinct"
27-->src\main\AndroidManifest.xml:22:17-80
28        android:required="false" />
28-->src\main\AndroidManifest.xml:22:81-105
29
30    <application android:extractNativeLibs="true" >
30-->src\main\AndroidManifest.xml:3:3-15:17
30-->src\main\AndroidManifest.xml:3:16-48
31        <activity
31-->src\main\AndroidManifest.xml:4:5-10:16
32            android:name="com.unity3d.player.UnityPlayerActivity"
32-->src\main\AndroidManifest.xml:4:15-68
33            android:configChanges="mcc|mnc|locale|touchscreen|keyboard|keyboardHidden|navigation|orientation|screenLayout|uiMode|screenSize|smallestScreenSize|fontScale|layoutDirection|density"
33-->src\main\AndroidManifest.xml:4:180-361
34            android:hardwareAccelerated="false"
34-->src\main\AndroidManifest.xml:4:397-432
35            android:launchMode="singleTask"
35-->src\main\AndroidManifest.xml:4:148-179
36            android:resizeableActivity="false"
36-->src\main\AndroidManifest.xml:4:362-396
37            android:screenOrientation="portrait"
37-->src\main\AndroidManifest.xml:4:111-147
38            android:theme="@style/UnityThemeSelector" >
38-->src\main\AndroidManifest.xml:4:69-110
39            <intent-filter>
39-->src\main\AndroidManifest.xml:5:7-8:23
40                <action android:name="android.intent.action.MAIN" />
40-->src\main\AndroidManifest.xml:6:9-61
40-->src\main\AndroidManifest.xml:6:17-58
41
42                <category android:name="android.intent.category.LAUNCHER" />
42-->src\main\AndroidManifest.xml:7:9-69
42-->src\main\AndroidManifest.xml:7:19-66
43            </intent-filter>
44
45            <meta-data
45-->src\main\AndroidManifest.xml:9:7-82
46                android:name="unityplayer.UnityActivity"
46-->src\main\AndroidManifest.xml:9:18-58
47                android:value="true" />
47-->src\main\AndroidManifest.xml:9:59-79
48        </activity>
49
50        <meta-data
50-->src\main\AndroidManifest.xml:11:5-69
51            android:name="unity.splash-mode"
51-->src\main\AndroidManifest.xml:11:16-48
52            android:value="0" />
52-->src\main\AndroidManifest.xml:11:49-66
53        <meta-data
53-->src\main\AndroidManifest.xml:12:5-74
54            android:name="unity.splash-enable"
54-->src\main\AndroidManifest.xml:12:16-50
55            android:value="True" />
55-->src\main\AndroidManifest.xml:12:51-71
56        <meta-data
56-->src\main\AndroidManifest.xml:13:5-78
57            android:name="unity.launch-fullscreen"
57-->src\main\AndroidManifest.xml:13:16-54
58            android:value="True" />
58-->src\main\AndroidManifest.xml:13:55-75
59        <meta-data
59-->src\main\AndroidManifest.xml:14:5-84
60            android:name="unity.allow-resizable-window"
60-->src\main\AndroidManifest.xml:14:16-59
61            android:value="False" />
61-->src\main\AndroidManifest.xml:14:60-81
62    </application>
63
64</manifest>